<?xml version="1.0" encoding="UTF-8" ?>
<testsuite tests="3" failures="0" name="co.edu.unicauca.openmarket.presentation.commands.OMInvokerTest" time="0" errors="0" skipped="0">
  <properties>
    <property name="java.runtime.name" value="Java(TM) SE Runtime Environment"/>
    <property name="java.vm.version" value="14.0.2+12-46"/>
    <property name="sun.boot.library.path" value="C:\Program Files\Java\jdk-14.0.2\bin"/>
    <property name="maven.multiModuleProjectDirectory" value="C:\Users\RodAlejo\Documents\Universidad\Sexto Semestre\Estructuras del Lenguaje\MVC_controller\CrudProducts"/>
    <property name="java.vm.vendor" value="Oracle Corporation"/>
    <property name="java.vendor.url" value="https://java.oracle.com/"/>
    <property name="guice.disable.misplaced.annotation.check" value="true"/>
    <property name="path.separator" value=";"/>
    <property name="java.vm.name" value="Java HotSpot(TM) 64-Bit Server VM"/>
    <property name="sun.os.patch.level" value=""/>
    <property name="user.script" value=""/>
    <property name="user.country" value="CO"/>
    <property name="sun.java.launcher" value="SUN_STANDARD"/>
    <property name="java.vm.specification.name" value="Java Virtual Machine Specification"/>
    <property name="user.dir" value="C:\Users\RodAlejo\Documents\Universidad\Sexto Semestre\Estructuras del Lenguaje\MVC_controller\CrudProducts"/>
    <property name="java.vm.compressedOopsMode" value="Zero based"/>
    <property name="java.runtime.version" value="14.0.2+12-46"/>
    <property name="os.arch" value="amd64"/>
    <property name="java.io.tmpdir" value="C:\Users\RodAlejo\AppData\Local\Temp\"/>
    <property name="line.separator" value="
"/>
    <property name="java.vm.specification.vendor" value="Oracle Corporation"/>
    <property name="user.variant" value=""/>
    <property name="os.name" value="Windows 10"/>
    <property name="maven.ext.class.path" value="C:\Program Files\NetBeans-17\netbeans\java\maven-nblib\netbeans-eventspy.jar"/>
    <property name="classworlds.conf" value="C:\Program Files\NetBeans-17\netbeans\java\maven\bin\m2.conf"/>
    <property name="sun.jnu.encoding" value="MS932"/>
    <property name="java.library.path" value="C:\Program Files\Java\jdk-14.0.2\bin;C:\WINDOWS\Sun\Java\bin;C:\WINDOWS\system32;C:\WINDOWS;C:\Program Files\NVIDIA GPU Computing Toolkit\CUDA\v11.7\bin;C:\Program Files\NVIDIA GPU Computing Toolkit\CUDA\v11.7\libnvvp;C:\app\RodAlejo\product\21c\dbhomeXE\bin;C:\Program Files\Common Files\Oracle\Java\javapath;C:\Program Files (x86)\Common Files\Oracle\Java\javapath;C:\ProgramData\Oracle\Java\javapath;C:\WINDOWS\system32;C:\WINDOWS;C:\WINDOWS\System32\Wbem;C:\WINDOWS\System32\WindowsPowerShell\v1.0\;C:\WINDOWS\System32\OpenSSH\;C:\Users\RodAlejo\AppData\Roaming\nvm;C:\Program Files\nodejs;C:\Program Files\Microchip\xc8\v2.32\bin;C;C:\Program Files\Java\jre1.8.0_51\bin;C:\xampp\php;C:\ProgramData\ComposerSetup\bin;C:\Users\RodAlejo\AppData\Local\Pub\Cache\bin;C:\Program Files\dotnet\;C:\Program Files\NVIDIA Corporation\NVIDIA NvDLISR;C:\Program Files (x86)\NVIDIA Corporation\PhysX\Common;C:\Program Files (x86)\GnuWin32\bin;C:\Program Files\MATLAB\R2022b\bin;E:\Programas\ffmpeg-5.1.2-full_build\bin;C:\Program Files\NVIDIA Corporation\Nsight Compute 2022.2.1\;C:\ProgramData\chocolatey\bin;C:\Program Files (x86)\Yarn\bin\;C:\Program Files\Go\bin;C:\Program Files\Git\cmd;C:\Program Files\nodejs\;C:\Users\RodAlejo\anaconda3;C:\Users\RodAlejo\anaconda3\Library\mingw-w64\bin;C:\Users\RodAlejo\anaconda3\Library\usr\bin;C:\Users\RodAlejo\anaconda3\Library\bin;C:\Users\RodAlejo\anaconda3\Scripts;C:\Users\RodAlejo\AppData\Local\Programs\Python\Python310\Scripts\;C:\Users\RodAlejo\AppData\Local\Programs\Python\Python310\;C:\Users\RodAlejo\AppData\Local\Microsoft\WindowsApps;C:\Users\RodAlejo\AppData\Local\Programs\Microsoft VS Code\bin;C:\ArchivosRAGP\Android\flutter\bin;C:\Users\RodAlejo\AppData\Roaming\nvm;C:\Program Files\nodejs;C:\Program Files\heroku\bin;C:\Users\RodAlejo\go\bin;C:\Users\RodAlejo\AppData\Roaming\Composer\vendor\bin;C:\Users\RodAlejo\AppData\Local\spicetify;C:\ArchivosRAGP\Android\Sdk\emulator;C:\Users\RodAlejo\AppData\Local\Yarn\bin;C:\Users\RodAlejo\.dotnet\tools;C:\Users\RodAlejo\AppData\Local\Programs\MiKTeX\miktex\bin\x64\;C:\Users\RodAlejo\go\bin;C:\Users\RodAlejo\AppData\Roaming\npm;C:\Users\RodAlejo\AppData\Local\Programs\Azure Data Studio\bin;."/>
    <property name="maven.conf" value="C:\Program Files\NetBeans-17\netbeans\java\maven/conf"/>
    <property name="jdk.debug" value="release"/>
    <property name="java.class.version" value="58.0"/>
    <property name="java.specification.name" value="Java Platform API Specification"/>
    <property name="sun.management.compiler" value="HotSpot 64-Bit Tiered Compilers"/>
    <property name="os.version" value="10.0"/>
    <property name="library.jansi.path" value="C:\Program Files\NetBeans-17\netbeans\java\maven\lib\jansi-native"/>
    <property name="user.home" value="C:\Users\RodAlejo"/>
    <property name="user.timezone" value="America/Bogota"/>
    <property name="file.encoding" value="UTF-8"/>
    <property name="java.specification.version" value="14"/>
    <property name="user.name" value="RodAlejo"/>
    <property name="java.class.path" value="C:\Program Files\NetBeans-17\netbeans\java\maven\boot\plexus-classworlds-2.6.0.jar"/>
    <property name="java.vm.specification.version" value="14"/>
    <property name="sun.arch.data.model" value="64"/>
    <property name="sun.java.command" value="org.codehaus.plexus.classworlds.launcher.Launcher -Dmaven.ext.class.path=C:\Program Files\NetBeans-17\netbeans\java\maven-nblib\netbeans-eventspy.jar -Dfile.encoding=UTF-8 --no-transfer-progress clean install"/>
    <property name="java.home" value="C:\Program Files\Java\jdk-14.0.2"/>
    <property name="user.language" value="es"/>
    <property name="java.specification.vendor" value="Oracle Corporation"/>
    <property name="java.vm.info" value="mixed mode, sharing"/>
    <property name="java.version" value="14.0.2"/>
    <property name="java.vendor" value="Oracle Corporation"/>
    <property name="maven.home" value="C:\Program Files\NetBeans-17\netbeans\java\maven"/>
    <property name="file.separator" value="\"/>
    <property name="java.version.date" value="2020-07-14"/>
    <property name="java.vendor.url.bug" value="https://bugreport.java.com/bugreport/"/>
    <property name="sun.io.unicode.encoding" value="UnicodeLittle"/>
    <property name="sun.cpu.endian" value="little"/>
    <property name="sun.cpu.isalist" value="amd64"/>
  </properties>
  <testcase classname="co.edu.unicauca.openmarket.presentation.commands.OMInvokerTest" name="co.edu.unicauca.openmarket.presentation.commands.OMInvokerTest.testRedoCommand" time="0"/>
  <testcase classname="co.edu.unicauca.openmarket.presentation.commands.OMInvokerTest" name="co.edu.unicauca.openmarket.presentation.commands.OMInvokerTest.testExecuteCommand" time="0"/>
  <testcase classname="co.edu.unicauca.openmarket.presentation.commands.OMInvokerTest" name="co.edu.unicauca.openmarket.presentation.commands.OMInvokerTest.testUndoCommand" time="0"/>
</testsuite>